Info: CustomCategory:artefactos: 19 mini seconds publishing element
Info: Artifact:aws: 14 mini seconds publishing element
Info: Artifact:node: 9 mini seconds publishing element
Info: Artifact:api: 11 mini seconds publishing element
Info: Artifact:node: 10 mini seconds publishing element
Info: Artifact:react: 8 mini seconds publishing element
Info: Artifact:sql: 10 mini seconds publishing element
Info: Artifact:diseo_ui: 9 mini seconds publishing element
Info: Artifact:github: 8 mini seconds publishing element
Info: Artifact:node: 9 mini seconds publishing element
Info: Artifact:rest_client: 7 mini seconds publishing element
Info: Artifact:dialogo: 11 mini seconds publishing element
Info: Artifact:formulario_en_papel: 11 mini seconds publishing element
Info: Artifact:brainstorming: 8 mini seconds publishing element
Info: Artifact:recorrido_del_cliente: 8 mini seconds publishing element
Info: Artifact:diagrama_de_actividades: 8 mini seconds publishing element
Info: Artifact:diagrama_de_casos_de_uso: 9 mini seconds publishing element
Info: Artifact:escenarios_vividos: 7 mini seconds publishing element
Info: Artifact:plantilla_de_procesos: 8 mini seconds publishing element
Info: Artifact:relaciones_de_dominio: 8 mini seconds publishing element
Info: Artifact:stakeholders: 8 mini seconds publishing element
Info: Artifact:prototipo_ui: 10 mini seconds publishing element
Info: Artifact:formulario_en_papel: 8 mini seconds publishing element
Info: Artifact:interfaces: 8 mini seconds publishing element
Info: Artifact:casos_de_uso_de_sistema: 8 mini seconds publishing element
Info: Artifact:diagrama_de_clases: 8 mini seconds publishing element
Info: Artifact:diagrama_de_dominio: 8 mini seconds publishing element
Info: Artifact:especificacin_de_casos_de_uso_sistema: 8 mini seconds publishing element
Info: CustomCategory:procesos: 14 mini seconds publishing element
Info: Task:despliegue_de_la_aplicacin: 11 mini seconds publishing element
Info: Task:verificar_estandares: 8 mini seconds publishing element
Info: Task:conexin_de_codigo_entre_backend_y_frontend: 8 mini seconds publishing element
Info: Task:crear_base_de_datos: 8 mini seconds publishing element
Info: Task:implementacion_de_las_interfaces_en_codigo: 7 mini seconds publishing element
Info: Task:implementacion_de_los_servicios_backend: 8 mini seconds publishing element
Info: Task:diseniar_la_ui_en_base_a_los_prototipos: 7 mini seconds publishing element
Info: Task:mejorar_interfaz_a_partir_de_usabillidad_y_experiencia_de_usuario: 8 mini seconds publishing element
Info: Task:optimizacin_del_codigo_y_seguridad: 7 mini seconds publishing element
Info: Task:realizacion_de_test_funcionales: 1 mini seconds publishing element
Info: Task:versionamiento_del_proyecto: 0 mini seconds publishing element
Info: Task:detallar_el_dialogo: 23 mini seconds publishing element
Info: Task:detallar_el_formulario: 7 mini seconds publishing element
Info: Task:identificacion_del_dialogo: 7 mini seconds publishing element
Info: Task:identificacion_del_formulario: 7 mini seconds publishing element
Info: Task:identificar_el_funcionamiento_del_negocio: 8 mini seconds publishing element
Info: Task:identificar_situaciones_deseadas: 8 mini seconds publishing element
Info: Task:identificar_situaciones_problematicas: 7 mini seconds publishing element
Info: Task:identificar_el_flujo_de_las_actividades: 7 mini seconds publishing element
Info: Task:identificar_las_interacciones: 8 mini seconds publishing element
Info: Task:identificar_las_relaciones_de_dominio: 8 mini seconds publishing element
Info: Task:identificar_los_casos_de_uso: 6 mini seconds publishing element
Info: Task:identificar_los_involucrados: 3 mini seconds publishing element
Info: Task:identificar_procesos_y_metas: 0 mini seconds publishing element
Info: Task:disear_remodelando_los_formularios_en_papel: 0 mini seconds publishing element
Info: Task:diseniar_en_base_a_los_requisitos_funcionales: 20 mini seconds publishing element
Info: Task:diseniar_el_modelo_de_formulario: 6 mini seconds publishing element
Info: Task:implementar_el_modelo_mental_del_usuario: 5 mini seconds publishing element
Info: Task:especificar_las_clases_del_sistema: 6 mini seconds publishing element
Info: Task:identificar_los_casos_de_uso_del_sistema: 6 mini seconds publishing element
Info: Task:identificar_los_involucrados_que_utilizan_tecnologia: 6 mini seconds publishing element
Info: Task:modelar_el_dominio: 6 mini seconds publishing element
Info: CustomCategory:roles: 7 mini seconds publishing element
Info: Role:ingeniero_de_pruebas: 22 mini seconds publishing element
Info: Role:programador: 17 mini seconds publishing element
Info: Role:programador: 30 mini seconds publishing element
Info: Role:diseniador_iu: 24 mini seconds publishing element
Info: Role:ingeniero_de_pruebas: 15 mini seconds publishing element
Info: Role:programador: 22 mini seconds publishing element
Info: Role:diseador_iu: 20 mini seconds publishing element
Info: Role:analista_de_negocio: 25 mini seconds publishing element
Info: Role:analista_de_negocio: 21 mini seconds publishing element
Info: Role:analista_de_requerimientos: 18 mini seconds publishing element
Info: Role:diseniador_de_prototipos_de_iu: 181 mini seconds publishing element
Info: Role:diseniador_iu: 18 mini seconds publishing element
Info: Role:diseniador_de_modelo_de_sistema: 24 mini seconds publishing element
Info: : Publishing time: 0 minutes 1 seconds
